2025-05-19 13:38:15,059 [INFO] Activator:176 - 


2025-05-19 13:38:15,061 [INFO] Activator:177 - !SESSION log4j initialized
2025-05-19 13:38:16,847 [INFO] LogOutputStream:77 - [STDOUT_REDIRECT] 
2025-05-19 13:38:20,179 [INFO] ApplicationProperties:184 - Using Application install path: /opt/st/stm32cubeide_1.18.0/../../../home/carl/.eclipse/com.st.stm32cube.ide.mcu.rcp.product_1.18.0_139067096_linux_gtk_x86_64/plugins/com.st.stm32cube.common.mx_6.14.1.202504091515
2025-05-19 13:38:20,204 [INFO] DbMcusXml:78 - Set database path to: /opt/st/stm32cubeide_1.18.0/../../../home/carl/.eclipse/com.st.stm32cube.ide.mcu.rcp.product_1.18.0_139067096_linux_gtk_x86_64/plugins/com.st.stm32cube.common.mx_6.14.1.202504091515//db//mcu/
2025-05-19 13:38:20,204 [INFO] ApiDb:274 - Set plugin database path to: /opt/st/stm32cubeide_1.18.0/../../../home/carl/.eclipse/com.st.stm32cube.ide.mcu.rcp.product_1.18.0_139067096_linux_gtk_x86_64/plugins/com.st.stm32cube.common.mx_6.14.1.202504091515//db//plugins/boardmanager/
2025-05-19 13:38:20,205 [WARN] ApiDb:259 - Overriding images path with different value:  => /opt/st/stm32cubeide_1.18.0/../../../home/carl/.eclipse/com.st.stm32cube.ide.mcu.rcp.product_1.18.0_139067096_linux_gtk_x86_64/plugins/com.st.stm32cube.common.mx_6.14.1.202504091515//db//plugins/mcufinder/images/
2025-05-19 13:38:20,210 [INFO] ApiDb:250 - Set database path to: /home/carl/.stmcufinder/plugins/mcufinder//mcu/
2025-05-19 13:38:20,211 [INFO] DbMcusAds:125 - Set database path to: /home/carl/.stmcufinder/plugins/mcufinder//mcu/
2025-05-19 13:38:20,214 [INFO] CrossReferenceDbSqlite:203 - Set database path to: /home/carl/.stmcufinder/plugins/mcufinder//mcu/cs/
2025-05-19 13:38:20,357 [INFO] RulesReader:64 - Compatibility file has been processed (302 Rules)
2025-05-19 13:38:20,425 [INFO] DbMcusXml:78 - Set database path to: /opt/st/stm32cubeide_1.18.0/../../../home/carl/.eclipse/com.st.stm32cube.ide.mcu.rcp.product_1.18.0_139067096_linux_gtk_x86_64/plugins/com.st.stm32cube.common.mx_6.14.1.202504091515//db//mcu/
2025-05-19 13:38:20,426 [INFO] ApiDb:274 - Set plugin database path to: /opt/st/stm32cubeide_1.18.0/../../../home/carl/.eclipse/com.st.stm32cube.ide.mcu.rcp.product_1.18.0_139067096_linux_gtk_x86_64/plugins/com.st.stm32cube.common.mx_6.14.1.202504091515//db//plugins/boardmanager/
2025-05-19 13:38:20,426 [INFO] ApiDb:261 - Set plugin images path to: /opt/st/stm32cubeide_1.18.0/../../../home/carl/.eclipse/com.st.stm32cube.ide.mcu.rcp.product_1.18.0_139067096_linux_gtk_x86_64/plugins/com.st.stm32cube.common.mx_6.14.1.202504091515//db//plugins/mcufinder/images/
2025-05-19 13:38:20,426 [WARN] DbFile:41 - Overriding database path with different value: /home/carl/.stmcufinder/plugins/mcufinder/ => /home/carl/.stmcufinder/plugins/mcufinder
2025-05-19 13:38:20,426 [INFO] ApiDb:250 - Set database path to: /home/carl/.stmcufinder/plugins/mcufinder//mcu/
2025-05-19 13:38:20,427 [WARN] DbFile:41 - Overriding database path with different value: /home/carl/.stmcufinder/plugins/mcufinder/ => /home/carl/.stmcufinder/plugins/mcufinder
2025-05-19 13:38:20,427 [INFO] DbMcusAds:125 - Set database path to: /home/carl/.stmcufinder/plugins/mcufinder//mcu/
2025-05-19 13:38:20,427 [WARN] DbFile:41 - Overriding database path with different value: /home/carl/.stmcufinder/plugins/mcufinder/ => /home/carl/.stmcufinder/plugins/mcufinder
2025-05-19 13:38:20,427 [WARN] DbFile:41 - Overriding database path with different value: /home/carl/.stmcufinder/plugins/mcufinder/ => /home/carl/.stmcufinder/plugins/mcufinder
2025-05-19 13:38:20,427 [INFO] CrossReferenceDbSqlite:203 - Set database path to: /home/carl/.stmcufinder/plugins/mcufinder//mcu/cs/
2025-05-19 13:38:20,504 [INFO] MainPanel:272 - HeapMemory: 268435456
2025-05-19 13:38:20,646 [INFO] DbMcusXml:78 - Set database path to: /opt/st/stm32cubeide_1.18.0/../../../home/carl/.eclipse/com.st.stm32cube.ide.mcu.rcp.product_1.18.0_139067096_linux_gtk_x86_64/plugins/com.st.stm32cube.common.mx_6.14.1.202504091515//db//mcu/
2025-05-19 13:38:20,646 [INFO] ApiDb:274 - Set plugin database path to: /opt/st/stm32cubeide_1.18.0/../../../home/carl/.eclipse/com.st.stm32cube.ide.mcu.rcp.product_1.18.0_139067096_linux_gtk_x86_64/plugins/com.st.stm32cube.common.mx_6.14.1.202504091515//db//plugins/boardmanager/
2025-05-19 13:38:20,646 [INFO] ApiDb:261 - Set plugin images path to: /opt/st/stm32cubeide_1.18.0/../../../home/carl/.eclipse/com.st.stm32cube.ide.mcu.rcp.product_1.18.0_139067096_linux_gtk_x86_64/plugins/com.st.stm32cube.common.mx_6.14.1.202504091515//db//plugins/mcufinder/images/
2025-05-19 13:38:20,646 [WARN] DbFile:41 - Overriding database path with different value: /home/carl/.stmcufinder/plugins/mcufinder/ => /home/carl/.stmcufinder/plugins/mcufinder
2025-05-19 13:38:20,647 [INFO] ApiDb:250 - Set database path to: /home/carl/.stmcufinder/plugins/mcufinder//mcu/
2025-05-19 13:38:20,647 [WARN] DbFile:41 - Overriding database path with different value: /home/carl/.stmcufinder/plugins/mcufinder/ => /home/carl/.stmcufinder/plugins/mcufinder
2025-05-19 13:38:20,647 [INFO] DbMcusAds:125 - Set database path to: /home/carl/.stmcufinder/plugins/mcufinder//mcu/
2025-05-19 13:38:20,647 [WARN] DbFile:41 - Overriding database path with different value: /home/carl/.stmcufinder/plugins/mcufinder/ => /home/carl/.stmcufinder/plugins/mcufinder
2025-05-19 13:38:20,647 [WARN] DbFile:41 - Overriding database path with different value: /home/carl/.stmcufinder/plugins/mcufinder/ => /home/carl/.stmcufinder/plugins/mcufinder
2025-05-19 13:38:20,647 [INFO] CrossReferenceDbSqlite:203 - Set database path to: /home/carl/.stmcufinder/plugins/mcufinder//mcu/cs/
2025-05-19 13:38:20,670 [INFO] ApplicationProperties:184 - Using Application install path: /opt/st/stm32cubeide_1.18.0/../../../home/carl/.eclipse/com.st.stm32cube.ide.mcu.rcp.product_1.18.0_139067096_linux_gtk_x86_64/plugins/com.st.stm32cube.common.mx_6.14.1.202504091515
2025-05-19 13:38:20,672 [INFO] PluginManage:196 - Search for loadable plugins [exclusion list=, ]
2025-05-19 13:38:20,673 [INFO] PluginManage:310 - Check plugin analytics
2025-05-19 13:38:20,878 [INFO] AnalyticsPlugin:253 - Accepted Software Licenses: STM32CubeMX.6.14.0
2025-05-19 13:38:20,878 [INFO] AnalyticsPlugin:255 - Accepted CMSIS Pack Licenses: 
2025-05-19 13:38:20,878 [INFO] AnalyticsPlugin:257 - Accepted Firmware Licenses: FW.U5.1.7.0
2025-05-19 13:38:20,881 [INFO] PluginManage:359 - Loaded plugin analytics (category:tool,tabindex:-1)
2025-05-19 13:38:20,882 [INFO] PluginManage:310 - Check plugin cadmodel
2025-05-19 13:38:20,886 [INFO] CADModel:105 - Init CAD model plugin
2025-05-19 13:38:20,886 [INFO] PluginManage:359 - Loaded plugin cadmodel (category:power,tabindex:5)
2025-05-19 13:38:20,886 [INFO] PluginManage:310 - Check plugin clock
2025-05-19 13:38:20,896 [INFO] PluginManage:359 - Loaded plugin clock (category:base,tabindex:2)
2025-05-19 13:38:20,896 [INFO] PluginManage:310 - Check plugin ddr
2025-05-19 13:38:20,899 [INFO] PluginManage:359 - Loaded plugin ddr (category:tool,tabindex:6)
2025-05-19 13:38:20,900 [INFO] PluginManage:310 - Check plugin filemanager
2025-05-19 13:38:21,124 [INFO] PluginManage:359 - Loaded plugin filemanager (category:base,tabindex:10)
2025-05-19 13:38:21,125 [INFO] PluginManage:310 - Check plugin ipmanager
2025-05-19 13:38:21,133 [INFO] PluginManage:359 - Loaded plugin ipmanager (category:base,tabindex:5)
2025-05-19 13:38:21,133 [INFO] PluginManage:310 - Check plugin lpbam
2025-05-19 13:38:21,144 [INFO] PluginManage:359 - Loaded plugin lpbam (category:base,tabindex:0)
2025-05-19 13:38:21,144 [INFO] PluginManage:310 - Check plugin memorymap
2025-05-19 13:38:21,158 [INFO] PluginManage:359 - Loaded plugin memorymap (category:base,tabindex:4)
2025-05-19 13:38:21,158 [INFO] PluginManage:310 - Check plugin pinoutandconfiguration
2025-05-19 13:38:21,166 [INFO] PluginManage:359 - Loaded plugin pinoutandconfiguration (category:base,tabindex:1)
2025-05-19 13:38:21,166 [INFO] PluginManage:310 - Check plugin pinoutconfig
2025-05-19 13:38:21,264 [WARN] SupportedApi:132 - Cannot load RTOS API schema: s4s-elt-must-match.1: The content of 'definitions' must match (annotation?, (simpleType | complexType)?, (unique | key | keyref)*)). A problem was found starting at: attribute.
2025-05-19 13:38:21,415 [INFO] PluginManage:359 - Loaded plugin pinoutconfig (category:base,tabindex:0)
2025-05-19 13:38:21,416 [INFO] PluginManage:310 - Check plugin power
2025-05-19 13:38:21,425 [INFO] PluginManage:359 - Loaded plugin power (category:power,tabindex:4)
2025-05-19 13:38:21,425 [INFO] PluginManage:310 - Check plugin projectmanager
2025-05-19 13:38:21,447 [INFO] PluginManage:359 - Loaded plugin projectmanager (category:projectmanager,tabindex:4)
2025-05-19 13:38:21,448 [INFO] PluginManage:310 - Check plugin rif
2025-05-19 13:38:21,454 [INFO] PluginManage:359 - Loaded plugin rif (category:base,tabindex:3)
2025-05-19 13:38:21,454 [INFO] PluginManage:310 - Check plugin thirdparty
2025-05-19 13:38:21,596 [INFO] PluginManage:359 - Loaded plugin thirdparty (category:base,tabindex:-1)
2025-05-19 13:38:21,596 [INFO] PluginManage:310 - Check plugin tools
2025-05-19 13:38:21,596 [WARN] IntegrityCheckThread:84 - waiting for thirdparty lock release [integrity check]
2025-05-19 13:38:21,596 [INFO] IntegrityCheckThread:86 - entering critical section [integrity check]
2025-05-19 13:38:21,597 [INFO] ThirdPartyUpdaterWithRetryManager:70 - Updater plugin not ready yet. [1/15]
2025-05-19 13:38:21,598 [INFO] PluginManage:359 - Loaded plugin tools (category:base,tabindex:7)
2025-05-19 13:38:21,599 [INFO] PluginManage:310 - Check plugin tutovideos
2025-05-19 13:38:21,784 [INFO] PluginManage:359 - Loaded plugin tutovideos (category:base,tabindex:-1)
2025-05-19 13:38:21,784 [INFO] PluginManage:310 - Check plugin updater
2025-05-19 13:38:21,812 [INFO] PluginManage:359 - Loaded plugin updater (category:base,tabindex:12)
2025-05-19 13:38:21,812 [INFO] PluginManage:310 - Check plugin userauth
2025-05-19 13:38:21,816 [INFO] UserAuth:118 - Init User Auth plugin
2025-05-19 13:38:21,817 [INFO] PluginManage:359 - Loaded plugin userauth (category:base,tabindex:14)
2025-05-19 13:38:21,818 [INFO] PluginManage:283 - PluginManage : Loaded plugins [18]
2025-05-19 13:38:22,026 [INFO] PinOutPanel:1589 - setPackage(No Configuration,No Configuration)
2025-05-19 13:38:22,098 [INFO] CADModel:165 - CPN selected for project level
2025-05-19 13:38:22,099 [INFO] CADModel:114 - Register for checkConnection events
2025-05-19 13:38:22,108 [INFO] IPUIPlugin:80 - create IPUIPlugin
2025-05-19 13:38:22,108 [INFO] PluginManager:220 - loadIPPluginJar : add tracer_emb
2025-05-19 13:38:22,112 [INFO] IPUIPlugin:80 - create IPUIPlugin
2025-05-19 13:38:22,112 [INFO] PluginManager:220 - loadIPPluginJar : add gfxmmu
2025-05-19 13:38:22,114 [INFO] IPUIPlugin:80 - create IPUIPlugin
2025-05-19 13:38:22,114 [INFO] PluginManager:220 - loadIPPluginJar : add pdm2pcm
2025-05-19 13:38:22,118 [INFO] IPUIPlugin:80 - create IPUIPlugin
2025-05-19 13:38:22,119 [INFO] PluginManager:220 - loadIPPluginJar : add gpio
2025-05-19 13:38:22,120 [INFO] IPUIPlugin:80 - create IPUIPlugin
2025-05-19 13:38:22,120 [INFO] PluginManager:220 - loadIPPluginJar : add fatfs
2025-05-19 13:38:22,122 [INFO] IPUIPlugin:80 - create IPUIPlugin
2025-05-19 13:38:22,122 [INFO] PluginManager:220 - loadIPPluginJar : add sai
2025-05-19 13:38:22,124 [INFO] IPUIPlugin:80 - create IPUIPlugin
2025-05-19 13:38:22,124 [INFO] PluginManager:220 - loadIPPluginJar : add extmemmanager
2025-05-19 13:38:22,125 [INFO] IPUIPlugin:80 - create IPUIPlugin
2025-05-19 13:38:22,126 [INFO] PluginManager:220 - loadIPPluginJar : add ltdc
2025-05-19 13:38:22,132 [INFO] IPUIPlugin:80 - create IPUIPlugin
2025-05-19 13:38:22,132 [INFO] PluginManager:220 - loadIPPluginJar : add stm32_wpan
2025-05-19 13:38:22,137 [INFO] IPUIPlugin:80 - create IPUIPlugin
2025-05-19 13:38:22,137 [INFO] PluginManager:220 - loadIPPluginJar : add adc
2025-05-19 13:38:22,142 [INFO] IPUIPlugin:80 - create IPUIPlugin
2025-05-19 13:38:22,142 [INFO] PluginManager:220 - loadIPPluginJar : add mdma
2025-05-19 13:38:22,144 [INFO] IPUIPlugin:80 - create IPUIPlugin
2025-05-19 13:38:22,144 [INFO] PluginManager:220 - loadIPPluginJar : add dma3
2025-05-19 13:38:22,146 [INFO] IPUIPlugin:80 - create IPUIPlugin
2025-05-19 13:38:22,146 [INFO] PluginManager:220 - loadIPPluginJar : add cryp
2025-05-19 13:38:22,150 [INFO] IPUIPlugin:80 - create IPUIPlugin
2025-05-19 13:38:22,153 [INFO] PluginManager:220 - loadIPPluginJar : add plateformsettings
2025-05-19 13:38:22,154 [INFO] IPUIPlugin:80 - create IPUIPlugin
2025-05-19 13:38:22,154 [INFO] PluginManager:220 - loadIPPluginJar : add tsc
2025-05-19 13:38:22,156 [INFO] IPUIPlugin:80 - create IPUIPlugin
2025-05-19 13:38:22,156 [INFO] PluginManager:220 - loadIPPluginJar : add hash
2025-05-19 13:38:22,157 [INFO] IPUIPlugin:80 - create IPUIPlugin
2025-05-19 13:38:22,158 [INFO] PluginManager:220 - loadIPPluginJar : add ts
2025-05-19 13:38:22,160 [INFO] IPUIPlugin:80 - create IPUIPlugin
2025-05-19 13:38:22,160 [INFO] PluginManager:220 - loadIPPluginJar : add openamp
2025-05-19 13:38:22,161 [INFO] IPUIPlugin:80 - create IPUIPlugin
2025-05-19 13:38:22,161 [INFO] PluginManager:220 - loadIPPluginJar : add tim
2025-05-19 13:38:22,164 [INFO] IPUIPlugin:80 - create IPUIPlugin
2025-05-19 13:38:22,165 [INFO] PluginManager:220 - loadIPPluginJar : add nvic
2025-05-19 13:38:22,167 [INFO] IPUIPlugin:80 - create IPUIPlugin
2025-05-19 13:38:22,167 [INFO] PluginManager:220 - loadIPPluginJar : add ipddr
2025-05-19 13:38:22,173 [INFO] IPUIPlugin:80 - create IPUIPlugin
2025-05-19 13:38:22,173 [INFO] PluginManager:220 - loadIPPluginJar : add dma
2025-05-19 13:38:22,176 [INFO] IPUIPlugin:80 - create IPUIPlugin
2025-05-19 13:38:22,177 [INFO] PluginManager:220 - loadIPPluginJar : add fmc
2025-05-19 13:38:22,179 [INFO] IPUIPlugin:80 - create IPUIPlugin
2025-05-19 13:38:22,179 [INFO] PluginManager:220 - loadIPPluginJar : add lorawan
2025-05-19 13:38:22,182 [INFO] IPUIPlugin:80 - create IPUIPlugin
2025-05-19 13:38:22,182 [INFO] PluginManager:220 - loadIPPluginJar : add touchsensing
2025-05-19 13:38:22,186 [INFO] IPUIPlugin:80 - create IPUIPlugin
2025-05-19 13:38:22,187 [INFO] PluginManager:220 - loadIPPluginJar : add freertos
2025-05-19 13:38:22,192 [INFO] IPUIPlugin:80 - create IPUIPlugin
2025-05-19 13:38:22,193 [INFO] PluginManager:220 - loadIPPluginJar : add linkedlist
2025-05-19 13:38:22,195 [INFO] IPUIPlugin:80 - create IPUIPlugin
2025-05-19 13:38:22,195 [INFO] PluginManager:220 - loadIPPluginJar : add i2s
2025-05-19 13:38:22,197 [INFO] IPUIPlugin:80 - create IPUIPlugin
2025-05-19 13:38:22,197 [INFO] PluginManager:220 - loadIPPluginJar : add usart
2025-05-19 13:38:22,198 [INFO] IPUIPlugin:80 - create IPUIPlugin
2025-05-19 13:38:22,199 [INFO] PluginManager:220 - loadIPPluginJar : add aes
2025-05-19 13:38:22,200 [INFO] IPUIPlugin:80 - create IPUIPlugin
2025-05-19 13:38:22,200 [INFO] PluginManager:220 - loadIPPluginJar : add quadspi
2025-05-19 13:38:22,202 [INFO] IPUIPlugin:80 - create IPUIPlugin
2025-05-19 13:38:22,202 [INFO] PluginManager:220 - loadIPPluginJar : add can
2025-05-19 13:38:22,204 [INFO] IPUIPlugin:80 - create IPUIPlugin
2025-05-19 13:38:22,205 [INFO] PluginManager:220 - loadIPPluginJar : add usbx
2025-05-19 13:38:22,207 [INFO] IPUIPlugin:80 - create IPUIPlugin
2025-05-19 13:38:22,207 [INFO] PluginManager:220 - loadIPPluginJar : add resmgrutility
2025-05-19 13:38:22,208 [INFO] IPUIPlugin:80 - create IPUIPlugin
2025-05-19 13:38:22,209 [INFO] PluginManager:220 - loadIPPluginJar : add ucpd
2025-05-19 13:38:22,211 [INFO] IPUIPlugin:80 - create IPUIPlugin
2025-05-19 13:38:22,211 [INFO] PluginManager:220 - loadIPPluginJar : add i2c
2025-05-19 13:38:22,213 [INFO] IPUIPlugin:80 - create IPUIPlugin
2025-05-19 13:38:22,213 [INFO] PluginManager:220 - loadIPPluginJar : add spi
2025-05-19 13:38:22,214 [INFO] IPUIPlugin:80 - create IPUIPlugin
2025-05-19 13:38:22,215 [INFO] PluginManager:220 - loadIPPluginJar : add dfsdm
2025-05-19 13:38:22,217 [INFO] IPUIPlugin:80 - create IPUIPlugin
2025-05-19 13:38:22,217 [INFO] PluginManager:220 - loadIPPluginJar : add ddr_ctrl_phy
2025-05-19 13:38:22,218 [INFO] IPUIPlugin:80 - create IPUIPlugin
2025-05-19 13:38:22,220 [INFO] PluginManager:220 - loadIPPluginJar : add radio
2025-05-19 13:38:22,221 [INFO] IPUIPlugin:80 - create IPUIPlugin
2025-05-19 13:38:22,221 [INFO] PluginManager:220 - loadIPPluginJar : add genericplugin
2025-05-19 13:38:22,225 [INFO] IPUIPlugin:80 - create IPUIPlugin
2025-05-19 13:38:22,225 [INFO] PluginManager:220 - loadIPPluginJar : add gic
2025-05-19 13:38:22,227 [INFO] IPUIPlugin:80 - create IPUIPlugin
2025-05-19 13:38:22,227 [INFO] PluginManager:220 - loadIPPluginJar : add opamp
2025-05-19 13:38:22,229 [INFO] IPUIPlugin:80 - create IPUIPlugin
2025-05-19 13:38:22,229 [INFO] PluginManager:220 - loadIPPluginJar : add gtzc
2025-05-19 13:38:22,230 [INFO] IPUIPlugin:80 - create IPUIPlugin
2025-05-19 13:38:22,231 [INFO] PluginManager:220 - loadIPPluginJar : add comp
2025-05-19 13:38:22,233 [INFO] IPUIPlugin:80 - create IPUIPlugin
2025-05-19 13:38:22,233 [INFO] PluginManager:220 - loadIPPluginJar : add i3c
2025-05-19 13:38:22,343 [FATAL] Updater:351 - Updater called before beeing initialized
2025-05-19 13:38:22,375 [INFO] RulesReader:64 - Compatibility file has been processed (302 Rules)
2025-05-19 13:38:22,389 [INFO] RulesReader:64 - Compatibility file has been processed (302 Rules)
2025-05-19 13:38:22,398 [INFO] CADModel:165 - CPN selected for project level
2025-05-19 13:38:22,398 [INFO] CADModel:114 - Register for checkConnection events
2025-05-19 13:38:22,398 [FATAL] Updater:351 - Updater called before beeing initialized
2025-05-19 13:38:22,398 [ERROR] CADModel:125 - Updater not yet initialized, retry later 
2025-05-19 13:38:22,547 [FATAL] Updater:351 - Updater called before beeing initialized
2025-05-19 13:38:22,549 [INFO] CADModel:165 - CPN selected for project level
2025-05-19 13:38:22,549 [INFO] CADModel:114 - Register for checkConnection events
2025-05-19 13:38:22,549 [FATAL] Updater:351 - Updater called before beeing initialized
2025-05-19 13:38:22,549 [ERROR] CADModel:125 - Updater not yet initialized, retry later 
2025-05-19 13:38:22,553 [FATAL] Updater:351 - Updater called before beeing initialized
2025-05-19 13:38:22,672 [FATAL] Updater:351 - Updater called before beeing initialized
2025-05-19 13:38:22,678 [INFO] DbMcusAds:53 - JSON generation date=Wed May 07 11:07:55 CEST 2025 (1746608875679)
2025-05-19 13:38:22,678 [FATAL] Updater:351 - Updater called before beeing initialized
2025-05-19 13:38:22,724 [WARN] DetailPanel:346 - Failed to get advertising image, set to default
2025-05-19 13:38:23,121 [FATAL] Updater:351 - Updater called before beeing initialized
2025-05-19 13:38:23,124 [FATAL] Updater:351 - Updater called before beeing initialized
2025-05-19 13:38:23,125 [FATAL] Updater:351 - Updater called before beeing initialized
2025-05-19 13:38:23,125 [WARN] DetailPanel:346 - Failed to get advertising image, set to default
2025-05-19 13:38:23,127 [FATAL] Updater:351 - Updater called before beeing initialized
2025-05-19 13:38:23,184 [ERROR] Updater:1198 - MainUpdater not yet initialized. External WinMGr cannot be set.
2025-05-19 13:38:23,187 [INFO] Updater:1134 - Updater Version found : 6.14.1
2025-05-19 13:38:23,209 [INFO] ApplicationProperties:184 - Using Application install path: /opt/st/stm32cubeide_1.18.0/../../../home/carl/.eclipse/com.st.stm32cube.ide.mcu.rcp.product_1.18.0_139067096_linux_gtk_x86_64/plugins/com.st.stm32cube.common.mx_6.14.1.202504091515
2025-05-19 13:38:23,861 [INFO] MainUpdater:2872 - connection check result : 10
2025-05-19 13:38:23,863 [INFO] MainUpdater:289 - Updater Check For Update Now.
2025-05-19 13:38:23,863 [INFO] MicroXplorer:498 - Change Database Version : DB.6.0.141
2025-05-19 13:38:23,869 [INFO] McuFinderGlobals:63 - Set McuFinder mode to 2 (CubeIDE integrated)
2025-05-19 13:38:23,870 [INFO] UserAuth:171 - activating auth plugin
2025-05-19 13:38:23,873 [INFO] UserAuth:484 - Internet connection configuration mode: 1
2025-05-19 13:38:23,890 [INFO] JxBrowserEngine:152 - Initiate JxBrowser Engine with user profile folder
2025-05-19 13:38:24,075 [INFO] CheckServerUpdateThread:120 - End of CheckServer Thread
2025-05-19 13:38:24,756 [WARN] PackLoader:240 - Cannot read IP mode file for STMicroelectronics.FP-SNS-MOTENVWB1.1.4.0
2025-05-19 13:38:24,770 [WARN] PackLoader:240 - Cannot read IP mode file for STMicroelectronics.X-CUBE-SMBUS.2.1.0
2025-05-19 13:38:24,786 [WARN] PackLoader:240 - Cannot read IP mode file for STMicroelectronics.X-CUBE-WB05N.1.1.0
2025-05-19 13:38:24,848 [WARN] PackLoader:240 - Cannot read IP mode file for STMicroelectronics.X-CUBE-AZRTOS-F7.1.1.0
2025-05-19 13:38:24,888 [INFO] WebApp:169 - Instantiating new browser for Auth
2025-05-19 13:38:24,910 [WARN] PackLoader:240 - Cannot read IP mode file for Infineon.AIROC-Wi-Fi-Bluetooth-STM32.1.7.0
2025-05-19 13:38:24,937 [WARN] PackLoader:240 - Cannot read IP mode file for STMicroelectronics.X-CUBE-DISPLAY.3.0.0
2025-05-19 13:38:24,962 [WARN] PackLoader:240 - Cannot read IP mode file for STMicroelectronics.X-CUBE-NFC10.1.0.0
2025-05-19 13:38:24,984 [WARN] PackLoader:240 - Cannot read IP mode file for STMicroelectronics.X-CUBE-BLEMGR.4.0.0
2025-05-19 13:38:24,996 [WARN] PackLoader:240 - Cannot read IP mode file for emotas.I-CUBE-CANOPEN.1.3.0
2025-05-19 13:38:25,002 [WARN] ConditionMgr:438 - getConditionDescription Invalid condition id : Cortex-A Device cause : null
2025-05-19 13:38:25,017 [WARN] ConditionMgr:1044 - genDependencies : Invalid condition id : Cortex-A Device cause : null
2025-05-19 13:38:25,017 [WARN] ConditionMgr:1044 - genDependencies : Invalid condition id : Cortex-A Device cause : null
2025-05-19 13:38:25,017 [WARN] ConditionMgr:1044 - genDependencies : Invalid condition id : Cortex-A Device cause : null
2025-05-19 13:38:25,022 [WARN] PackLoader:240 - Cannot read IP mode file for STMicroelectronics.X-CUBE-AI.10.0.0
2025-05-19 13:38:25,030 [WARN] PackLoader:240 - Cannot read IP mode file for STMicroelectronics.FP-SNS-SMARTAG2.1.2.0
2025-05-19 13:38:25,102 [WARN] PackLoader:240 - Cannot read IP mode file for STMicroelectronics.X-CUBE-MEMS1.11.1.0
2025-05-19 13:38:25,318 [INFO] LogOutputStream:77 - [STDOUT_REDIRECT] 1 : Invalid condition id : UX_CORESTACK_Condition cause : null
2025-05-19 13:38:25,319 [INFO] LogOutputStream:77 - [STDOUT_REDIRECT] 1 : Invalid condition id : UX_CORESTACK_Condition cause : null
2025-05-19 13:38:25,319 [INFO] LogOutputStream:77 - [STDOUT_REDIRECT] 1 : Invalid condition id : UX_CORESTACK_Condition cause : null
2025-05-19 13:38:25,319 [INFO] LogOutputStream:77 - [STDOUT_REDIRECT] 1 : Invalid condition id : UX_CORESTACK_Condition cause : null
2025-05-19 13:38:25,320 [INFO] LogOutputStream:77 - [STDOUT_REDIRECT] 1 : Invalid condition id : UX_CORESTACK_Condition cause : null
2025-05-19 13:38:25,323 [WARN] PackLoader:240 - Cannot read IP mode file for STMicroelectronics.X-CUBE-AZRTOS-WL.2.0.0
2025-05-19 13:38:25,329 [WARN] PackLoader:240 - Cannot read IP mode file for STMicroelectronics.FP-SNS-MOTENV1.5.0.0
2025-05-19 13:38:25,339 [WARN] PackLoader:240 - Cannot read IP mode file for WES.I-CUBE-Cesium.1.3.0
2025-05-19 13:38:25,343 [WARN] PackLoader:240 - Cannot read IP mode file for STMicroelectronics.X-CUBE-BLE2.3.3.0
2025-05-19 13:38:25,351 [WARN] PackLoader:240 - Cannot read IP mode file for STMicroelectronics.X-CUBE-NFC9.1.0.0
2025-05-19 13:38:25,356 [WARN] PackLoader:240 - Cannot read IP mode file for wolfSSL.I-CUBE-wolfMQTT.1.19.2
2025-05-19 13:38:25,416 [WARN] PackLoader:240 - Cannot read IP mode file for STMicroelectronics.X-CUBE-MEMS1.11.2.0
2025-05-19 13:38:25,681 [WARN] PackLoader:240 - Cannot read IP mode file for STMicroelectronics.X-CUBE-AZRTOS-G0.1.1.0
2025-05-19 13:38:25,689 [WARN] PackLoader:240 - Cannot read IP mode file for STMicroelectronics.X-CUBE-SAFEA1.1.2.2
2025-05-19 13:38:25,696 [WARN] PackLoader:240 - Cannot read IP mode file for STMicroelectronics.X-CUBE-NFC4.3.0.0
2025-05-19 13:38:25,705 [WARN] PackLoader:240 - Cannot read IP mode file for EmbeddedOffice.I-CUBE-FS-RTOS.1.0.1
2025-05-19 13:38:25,711 [WARN] PackLoader:240 - Cannot read IP mode file for STMicroelectronics.X-CUBE-WB05N.2.0.0
2025-05-19 13:38:25,717 [WARN] PackLoader:240 - Cannot read IP mode file for wolfSSL.I-CUBE-wolfTPM.3.8.0
2025-05-19 13:38:25,722 [WARN] PackLoader:240 - Cannot read IP mode file for STMicroelectronics.X-CUBE-TCPP.4.2.0
2025-05-19 13:38:25,729 [WARN] PackLoader:240 - Cannot read IP mode file for RealThread.X-CUBE-RT-Thread_Nano.4.1.1
2025-05-19 13:38:25,734 [WARN] PackLoader:240 - Cannot read IP mode file for STMicroelectronics.FP-ATR-SIGFOX1.3.2.0
2025-05-19 13:38:25,741 [WARN] PackLoader:240 - Cannot read IP mode file for STMicroelectronics.X-CUBE-EEPRMA1.5.1.0
2025-05-19 13:38:25,748 [WARN] PackLoader:240 - Cannot read IP mode file for wolfSSL.I-CUBE-wolfSSL.5.7.6
2025-05-19 13:38:25,755 [WARN] PackLoader:240 - Cannot read IP mode file for ITTIA_DB.I-CUBE-ITTIADB.8.9.0
2025-05-19 13:38:25,798 [WARN] PackLoader:240 - Cannot read IP mode file for SEGGER.I-CUBE-embOS.1.3.1
2025-05-19 13:38:25,864 [WARN] PackLoader:240 - Cannot read IP mode file for STMicroelectronics.X-CUBE-ALGOBUILD.1.4.0
2025-05-19 13:38:25,881 [WARN] PackLoader:240 - Cannot read IP mode file for STMicroelectronics.X-CUBE-AZRTOS-F4.1.1.0
2025-05-19 13:38:25,888 [WARN] PackLoader:240 - Cannot read IP mode file for Avnet-IotConnect.X-CUBE-IoTC-DA16k-PMOD.1.0.0
2025-05-19 13:38:25,891 [WARN] PackLoader:240 - Cannot read IP mode file for STMicroelectronics.X-CUBE-ISPU.2.1.0
2025-05-19 13:38:25,907 [WARN] PackLoader:240 - Cannot read IP mode file for STMicroelectronics.X-CUBE-AZRTOS-L5.2.0.0
2025-05-19 13:38:25,919 [WARN] PackLoader:240 - Cannot read IP mode file for STMicroelectronics.X-CUBE-NFC6.3.1.0
2025-05-19 13:38:25,928 [WARN] PackLoader:240 - Cannot read IP mode file for STMicroelectronics.X-CUBE-FREERTOS.1.3.1
2025-05-19 13:38:25,935 [WARN] PackLoader:240 - Cannot read IP mode file for STMicroelectronics.X-CUBE-FREERTOS.1.3.0
2025-05-19 13:38:25,942 [WARN] PackLoader:240 - Cannot read IP mode file for STMicroelectronics.X-CUBE-NFC7.1.0.1
2025-05-19 13:38:25,965 [WARN] ConditionMgr:438 - getConditionDescription Invalid condition id : LAN8742 Phy interface Condition cause : null
2025-05-19 13:38:25,966 [WARN] PackLoader:240 - Cannot read IP mode file for STMicroelectronics.X-CUBE-AZRTOS-L4.2.0.0
2025-05-19 13:38:25,968 [WARN] ConditionMgr:1044 - genDependencies : Invalid condition id : LAN8742 Phy interface Condition cause : null
2025-05-19 13:38:25,968 [WARN] ConditionMgr:1044 - genDependencies : Invalid condition id : LAN8742 Phy interface Condition cause : null
2025-05-19 13:38:25,969 [WARN] ConditionMgr:1044 - genDependencies : Invalid condition id : LAN8742 Phy interface Condition cause : null
2025-05-19 13:38:25,982 [WARN] PackLoader:240 - Cannot read IP mode file for STMicroelectronics.X-CUBE-SFXS2LP1.4.0.0
2025-05-19 13:38:26,025 [WARN] PackLoader:240 - Cannot read IP mode file for STMicroelectronics.X-CUBE-AZRTOS-H7.3.3.0
2025-05-19 13:38:26,049 [WARN] ConditionMgr:438 - getConditionDescription Invalid condition id : UX DEVICE CLASS RTOS Condition cause : null
2025-05-19 13:38:26,049 [WARN] ConditionMgr:438 - getConditionDescription Invalid condition id : UX DEVICE CLASS RTOS Condition cause : null
2025-05-19 13:38:26,053 [WARN] PackLoader:240 - Cannot read IP mode file for STMicroelectronics.X-CUBE-AZRTOS-WB.2.0.0
2025-05-19 13:38:26,054 [WARN] ConditionMgr:1044 - genDependencies : Invalid condition id : UX DEVICE CLASS RTOS Condition cause : null
2025-05-19 13:38:26,054 [WARN] ConditionMgr:1044 - genDependencies : Invalid condition id : UX DEVICE CLASS RTOS Condition cause : null
2025-05-19 13:38:26,055 [WARN] ConditionMgr:1044 - genDependencies : Invalid condition id : UX DEVICE CLASS RTOS Condition cause : null
2025-05-19 13:38:26,056 [WARN] ConditionMgr:1044 - genDependencies : Invalid condition id : UX DEVICE CLASS RTOS Condition cause : null
2025-05-19 13:38:26,056 [WARN] ConditionMgr:1044 - genDependencies : Invalid condition id : UX DEVICE CLASS RTOS Condition cause : null
2025-05-19 13:38:26,065 [WARN] PackLoader:240 - Cannot read IP mode file for STMicroelectronics.X-CUBE-GNSS1.7.0.1
2025-05-19 13:38:26,072 [WARN] PackLoader:240 - Cannot read IP mode file for STMicroelectronics.X-CUBE-TOUCHGFX.4.25.0
2025-05-19 13:38:26,078 [WARN] PackLoader:240 - Cannot read IP mode file for STMicroelectronics.FP-SNS-STBOX1.2.0.0
2025-05-19 13:38:26,090 [INFO] WebApp:463 - Apply proxy settings
2025-05-19 13:38:26,091 [INFO] WebApp:548 - Chromium requires no authentication
2025-05-19 13:38:26,092 [WARN] PackLoader:240 - Cannot read IP mode file for STMicroelectronics.X-CUBE-SUBG2.5.0.0
2025-05-19 13:38:26,101 [INFO] WebApp:491 - Direct internet connection detected
2025-05-19 13:38:26,121 [WARN] PackLoader:240 - Cannot read IP mode file for STMicroelectronics.X-CUBE-AZRTOS-H7RS.1.1.0
2025-05-19 13:38:26,126 [INFO] WebApp:894 - Register for checkConnection events
2025-05-19 13:38:26,127 [INFO] WebApp:463 - Apply proxy settings
2025-05-19 13:38:26,127 [INFO] WebApp:548 - Chromium requires no authentication
2025-05-19 13:38:26,128 [INFO] WebApp:491 - Direct internet connection detected
2025-05-19 13:38:26,129 [WARN] PackLoader:240 - Cannot read IP mode file for Cesanta.I-CUBE-Mongoose.7.13.0
2025-05-19 13:38:26,151 [WARN] PackLoader:240 - Cannot read IP mode file for STMicroelectronics.X-CUBE-AZRTOS-G4.2.0.0
2025-05-19 13:38:26,157 [WARN] PackLoader:240 - Cannot read IP mode file for wolfSSL.I-CUBE-wolfSSH.1.4.20
2025-05-19 13:38:26,160 [WARN] PackLoader:240 - Cannot read IP mode file for STMicroelectronics.X-CUBE-NFC7.2.0.0
2025-05-19 13:38:26,175 [WARN] PackLoader:240 - Cannot read IP mode file for STMicroelectronics.X-CUBE-IPS.3.1.0
2025-05-19 13:38:26,186 [WARN] PackLoader:240 - Cannot read IP mode file for STMicroelectronics.X-CUBE-ALS.1.0.2
2025-05-19 13:38:26,193 [WARN] PackLoader:240 - Cannot read IP mode file for portGmbH.I-Cube-SoM-uGOAL.1.1.0
2025-05-19 13:38:26,203 [WARN] PackLoader:240 - Cannot read IP mode file for STMicroelectronics.X-CUBE-TOF1.3.4.3
2025-05-19 13:38:26,220 [INFO] ThirdParty:978 - Integrity check success = true
2025-05-19 13:38:26,220 [INFO] IntegrityCheckThread:100 - exiting critical section [integrity check]
2025-05-19 13:38:26,220 [INFO] IntegrityCheckThread:103 - End integrity checks thread
2025-05-19 13:38:26,327 [INFO] WebApp:225 - Starting web application
2025-05-19 13:38:26,327 [INFO] WebApp:593 - Web application path used /opt/st/stm32cubeide_1.18.0/../../../home/carl/.eclipse/com.st.stm32cube.ide.mcu.rcp.product_1.18.0_139067096_linux_gtk_x86_64/plugins/com.st.stm32cube.common.mx_6.14.1.202504091515/db/plugins/mcufinder/reactClient1/index.html
2025-05-19 13:38:26,503 [INFO] WebApp:191 - Connection restablished
2025-05-19 13:44:31,364 [INFO] WebApp:194 - Connection lost
2025-05-19 13:44:31,924 [INFO] WebApp:191 - Connection restablished
2025-05-19 15:50:14,230 [INFO] WebApp:194 - Connection lost
2025-05-19 15:50:19,613 [INFO] WebApp:191 - Connection restablished
